<?xml version="1.0" encoding="UTF-8"?>
<!-- Generated by org.testng.reporters.JUnitReportReporter -->
<testsuite hostname="DESKTOP-493EAAE" failures="0" tests="1" name="pathAndQueryParam.JsonSchemaValidation" time="1.011" errors="0" timestamp="2024-04-29T00:39:49 IST" skipped="0">
  <testcase classname="pathAndQueryParam.JsonSchemaValidation" name="jsonSchema" time="1.011"/>
  <system-out/>
</testsuite> <!-- pathAndQueryParam.JsonSchemaValidation -->
