<?xml version="1.0" encoding="UTF-8"?>
<!-- Generated by org.testng.reporters.JUnitReportReporter -->
<testsuite hostname="DESKTOP-493EAAE" failures="0" tests="1" name="apiChaining.CreateUser" time="3.281" errors="0" timestamp="2024-05-11T19:40:31 IST" skipped="0">
  <testcase classname="apiChaining.CreateUser" name="test_createUser" time="3.281"/>
  <system-out/>
</testsuite> <!-- apiChaining.CreateUser -->
