<?xml version="1.0" encoding="UTF-8"?>
<!-- Generated by org.testng.reporters.JUnitReportReporter -->
<testsuite hostname="DESKTOP-493EAAE" failures="0" tests="1" name="pathAndQueryParam.LoggingDemo" time="0.188" errors="0" timestamp="2024-04-29T00:39:49 IST" skipped="0">
  <testcase classname="pathAndQueryParam.LoggingDemo" name="TestLogs" time="0.188"/>
  <system-out/>
</testsuite> <!-- pathAndQueryParam.LoggingDemo -->
