<?xml version="1.0" encoding="UTF-8"?>
<!-- Generated by org.testng.reporters.JUnitReportReporter -->
<testsuite hostname="DESKTOP-493EAAE" failures="0" tests="3" name="pathAndQueryParam.JsonBodyValidations" time="3.069" errors="0" timestamp="2024-04-29T00:41:08 IST" skipped="0">
  <testcase classname="pathAndQueryParam.JsonBodyValidations" name="jsonBody" time="2.741"/>
  <system-out/>
  <testcase classname="pathAndQueryParam.JsonBodyValidations" name="jsonBodyMulti" time="0.185"/>
  <system-out/>
  <testcase classname="pathAndQueryParam.JsonBodyValidations" name="jsonBodyMultiJson" time="0.143"/>
  <system-out/>
</testsuite> <!-- pathAndQueryParam.JsonBodyValidations -->
