<?xml version="1.0" encoding="UTF-8"?>
<!-- Generated by org.testng.reporters.JUnitReportReporter -->
<testsuite hostname="DESKTOP-493EAAE" failures="0" tests="1" name="pathAndQueryParam.HeadersInfo" time="0.381" errors="0" timestamp="2024-04-29T00:39:49 IST" skipped="0">
  <testcase classname="pathAndQueryParam.HeadersInfo" name="getHeadersInfo" time="0.381"/>
  <system-out/>
</testsuite> <!-- pathAndQueryParam.HeadersInfo -->
